<?xml version="1.0" encoding="UTF-8"?>
<!-- Generated by org.testng.reporters.JUnitXMLReporter -->
<testsuite ignored="0" hostname="DESKTOP-UI9969T" failures="0" tests="9" name="Default test" time="3.788" errors="0" timestamp="29 Jun 2021 18:40:08 GMT">
  <testcase classname="com.employeeapi.testcases.TC001_Get_All_Employees" name="checkContentLenght" time="0.012"/>
  <testcase classname="com.employeeapi.testcases.TC001_Get_All_Employees" name="checkContentType" time="0.007"/>
  <testcase classname="com.employeeapi.testcases.TC001_Get_All_Employees" name="checkCookies" time="0.005"/>
  <testcase classname="com.employeeapi.testcases.TC001_Get_All_Employees" name="checkResponseTime" time="0.004"/>
  <testcase classname="com.employeeapi.testcases.TC001_Get_All_Employees" name="checkResposeBody" time="0.038"/>
  <testcase classname="com.employeeapi.testcases.TC001_Get_All_Employees" name="checkStatusCode" time="0.005"/>
  <testcase classname="com.employeeapi.testcases.TC001_Get_All_Employees" name="checkcontentEncoding" time="0.002"/>
  <testcase classname="com.employeeapi.testcases.TC001_Get_All_Employees" name="checkserverType" time="0.002"/>
  <testcase classname="com.employeeapi.testcases.TC001_Get_All_Employees" name="checkstatusLine" time="0.003"/>
</testsuite> <!-- Default test -->
